2018-03-07 20:42:37,328 - Log4JLogChute initialized using file 'velocity.log'
2018-03-07 20:42:37,330 - Initializing Velocity, Calling init()...
2018-03-07 20:42:37,330 - Starting Apache Velocity v1.7 (compiled: 2010-11-19 12:14:37)
2018-03-07 20:42:37,330 - Default Properties File: org/apache/velocity/runtime/defaults/velocity.properties
2018-03-07 20:42:37,331 - Trying to use logger class org.apache.velocity.runtime.log.AvalonLogChute
2018-03-07 20:42:37,331 - Target log system for org.apache.velocity.runtime.log.AvalonLogChute is not available (java.lang.NoClassDefFoundError: org/apache/log/format/Formatter).  Falling back to next log system...
2018-03-07 20:42:37,331 - Trying to use logger class org.apache.velocity.runtime.log.Log4JLogChute
2018-03-07 20:42:37,331 - Using logger class org.apache.velocity.runtime.log.Log4JLogChute
2018-03-07 20:42:37,335 - ResourceLoader instantiated: org.apache.velocity.runtime.resource.loader.ClasspathResourceLoader
2018-03-07 20:42:37,349 - ResourceCache: initialized (class org.apache.velocity.runtime.resource.ResourceCacheImpl) with class java.util.Collections$SynchronizedMap cache map.
2018-03-07 20:42:37,354 - Loaded System Directive: org.apache.velocity.runtime.directive.Stop
2018-03-07 20:42:37,357 - Loaded System Directive: org.apache.velocity.runtime.directive.Define
2018-03-07 20:42:37,358 - Loaded System Directive: org.apache.velocity.runtime.directive.Break
2018-03-07 20:42:37,359 - Loaded System Directive: org.apache.velocity.runtime.directive.Evaluate
2018-03-07 20:42:37,360 - Loaded System Directive: org.apache.velocity.runtime.directive.Literal
2018-03-07 20:42:37,362 - Loaded System Directive: org.apache.velocity.runtime.directive.Macro
2018-03-07 20:42:37,364 - Loaded System Directive: org.apache.velocity.runtime.directive.Parse
2018-03-07 20:42:37,368 - Loaded System Directive: org.apache.velocity.runtime.directive.Include
2018-03-07 20:42:37,370 - Loaded System Directive: org.apache.velocity.runtime.directive.Foreach
2018-03-07 20:42:37,411 - Created '20' parsers.
2018-03-07 20:42:37,416 - Velocimacro : "velocimacro.library" is not set.  Trying default library: VM_global_library.vm
2018-03-07 20:42:37,418 - Could not load resource 'VM_global_library.vm' from ResourceLoader org.apache.velocity.runtime.resource.loader.ClasspathResourceLoader: ClasspathResourceLoader Error: cannot find resource VM_global_library.vm
2018-03-07 20:42:37,418 - Velocimacro : Default library not found.
2018-03-07 20:42:37,418 - Velocimacro : allowInline = true : VMs can be defined inline in templates
2018-03-07 20:42:37,418 - Velocimacro : allowInlineToOverride = false : VMs defined inline may NOT replace previous VM definitions
2018-03-07 20:42:37,418 - Velocimacro : allowInlineLocal = false : VMs defined inline will be global in scope if allowed.
2018-03-07 20:42:37,418 - Velocimacro : autoload off : VM system will not automatically reload global library macros
2018-03-07 20:42:37,429 - ResourceManager : found templates/login.vm with loader org.apache.velocity.runtime.resource.loader.ClasspathResourceLoader
2018-03-07 20:46:16,193 - Log4JLogChute initialized using file 'velocity.log'
2018-03-07 20:46:16,194 - Initializing Velocity, Calling init()...
2018-03-07 20:46:16,194 - Starting Apache Velocity v1.7 (compiled: 2010-11-19 12:14:37)
2018-03-07 20:46:16,194 - Default Properties File: org/apache/velocity/runtime/defaults/velocity.properties
2018-03-07 20:46:16,195 - Trying to use logger class org.apache.velocity.runtime.log.AvalonLogChute
2018-03-07 20:46:16,195 - Target log system for org.apache.velocity.runtime.log.AvalonLogChute is not available (java.lang.NoClassDefFoundError: org/apache/log/format/Formatter).  Falling back to next log system...
2018-03-07 20:46:16,195 - Trying to use logger class org.apache.velocity.runtime.log.Log4JLogChute
2018-03-07 20:46:16,195 - Using logger class org.apache.velocity.runtime.log.Log4JLogChute
2018-03-07 20:46:16,199 - ResourceLoader instantiated: org.apache.velocity.runtime.resource.loader.ClasspathResourceLoader
2018-03-07 20:46:16,217 - ResourceCache: initialized (class org.apache.velocity.runtime.resource.ResourceCacheImpl) with class java.util.Collections$SynchronizedMap cache map.
2018-03-07 20:46:16,219 - Loaded System Directive: org.apache.velocity.runtime.directive.Stop
2018-03-07 20:46:16,220 - Loaded System Directive: org.apache.velocity.runtime.directive.Define
2018-03-07 20:46:16,221 - Loaded System Directive: org.apache.velocity.runtime.directive.Break
2018-03-07 20:46:16,222 - Loaded System Directive: org.apache.velocity.runtime.directive.Evaluate
2018-03-07 20:46:16,222 - Loaded System Directive: org.apache.velocity.runtime.directive.Literal
2018-03-07 20:46:16,224 - Loaded System Directive: org.apache.velocity.runtime.directive.Macro
2018-03-07 20:46:16,225 - Loaded System Directive: org.apache.velocity.runtime.directive.Parse
2018-03-07 20:46:16,227 - Loaded System Directive: org.apache.velocity.runtime.directive.Include
2018-03-07 20:46:16,228 - Loaded System Directive: org.apache.velocity.runtime.directive.Foreach
2018-03-07 20:46:16,252 - Created '20' parsers.
2018-03-07 20:46:16,257 - Velocimacro : "velocimacro.library" is not set.  Trying default library: VM_global_library.vm
2018-03-07 20:46:16,258 - Could not load resource 'VM_global_library.vm' from ResourceLoader org.apache.velocity.runtime.resource.loader.ClasspathResourceLoader: ClasspathResourceLoader Error: cannot find resource VM_global_library.vm
2018-03-07 20:46:16,258 - Velocimacro : Default library not found.
2018-03-07 20:46:16,258 - Velocimacro : allowInline = true : VMs can be defined inline in templates
2018-03-07 20:46:16,258 - Velocimacro : allowInlineToOverride = false : VMs defined inline may NOT replace previous VM definitions
2018-03-07 20:46:16,259 - Velocimacro : allowInlineLocal = false : VMs defined inline will be global in scope if allowed.
2018-03-07 20:46:16,260 - Velocimacro : autoload off : VM system will not automatically reload global library macros
2018-03-07 20:46:16,271 - ResourceManager : found templates/login.vm with loader org.apache.velocity.runtime.resource.loader.ClasspathResourceLoader
2018-03-07 20:46:17,240 - Log4JLogChute initialized using file 'velocity.log'
2018-03-07 20:46:17,240 - Log4JLogChute initialized using file 'velocity.log'
2018-03-07 20:46:17,240 - Initializing Velocity, Calling init()...
2018-03-07 20:46:17,240 - Initializing Velocity, Calling init()...
2018-03-07 20:46:17,242 - Starting Apache Velocity v1.7 (compiled: 2010-11-19 12:14:37)
2018-03-07 20:46:17,242 - Starting Apache Velocity v1.7 (compiled: 2010-11-19 12:14:37)
2018-03-07 20:46:17,242 - Default Properties File: org/apache/velocity/runtime/defaults/velocity.properties
2018-03-07 20:46:17,242 - Default Properties File: org/apache/velocity/runtime/defaults/velocity.properties
2018-03-07 20:46:17,242 - Trying to use logger class org.apache.velocity.runtime.log.AvalonLogChute
2018-03-07 20:46:17,242 - Trying to use logger class org.apache.velocity.runtime.log.AvalonLogChute
2018-03-07 20:46:17,242 - Target log system for org.apache.velocity.runtime.log.AvalonLogChute is not available (java.lang.NoClassDefFoundError: org/apache/log/format/Formatter).  Falling back to next log system...
2018-03-07 20:46:17,242 - Target log system for org.apache.velocity.runtime.log.AvalonLogChute is not available (java.lang.NoClassDefFoundError: org/apache/log/format/Formatter).  Falling back to next log system...
2018-03-07 20:46:17,242 - Trying to use logger class org.apache.velocity.runtime.log.Log4JLogChute
2018-03-07 20:46:17,242 - Trying to use logger class org.apache.velocity.runtime.log.Log4JLogChute
2018-03-07 20:46:17,242 - Using logger class org.apache.velocity.runtime.log.Log4JLogChute
2018-03-07 20:46:17,242 - Using logger class org.apache.velocity.runtime.log.Log4JLogChute
2018-03-07 20:46:17,242 - ResourceLoader instantiated: org.apache.velocity.runtime.resource.loader.ClasspathResourceLoader
2018-03-07 20:46:17,242 - ResourceLoader instantiated: org.apache.velocity.runtime.resource.loader.ClasspathResourceLoader
2018-03-07 20:46:17,243 - ResourceCache: initialized (class org.apache.velocity.runtime.resource.ResourceCacheImpl) with class java.util.Collections$SynchronizedMap cache map.
2018-03-07 20:46:17,243 - ResourceCache: initialized (class org.apache.velocity.runtime.resource.ResourceCacheImpl) with class java.util.Collections$SynchronizedMap cache map.
2018-03-07 20:46:17,243 - Loaded System Directive: org.apache.velocity.runtime.directive.Stop
2018-03-07 20:46:17,243 - Loaded System Directive: org.apache.velocity.runtime.directive.Stop
2018-03-07 20:46:17,244 - Loaded System Directive: org.apache.velocity.runtime.directive.Define
2018-03-07 20:46:17,244 - Loaded System Directive: org.apache.velocity.runtime.directive.Define
2018-03-07 20:46:17,244 - Loaded System Directive: org.apache.velocity.runtime.directive.Break
2018-03-07 20:46:17,244 - Loaded System Directive: org.apache.velocity.runtime.directive.Break
2018-03-07 20:46:17,244 - Loaded System Directive: org.apache.velocity.runtime.directive.Evaluate
2018-03-07 20:46:17,244 - Loaded System Directive: org.apache.velocity.runtime.directive.Evaluate
2018-03-07 20:46:17,244 - Loaded System Directive: org.apache.velocity.runtime.directive.Literal
2018-03-07 20:46:17,244 - Loaded System Directive: org.apache.velocity.runtime.directive.Literal
2018-03-07 20:46:17,244 - Loaded System Directive: org.apache.velocity.runtime.directive.Macro
2018-03-07 20:46:17,244 - Loaded System Directive: org.apache.velocity.runtime.directive.Macro
2018-03-07 20:46:17,244 - Loaded System Directive: org.apache.velocity.runtime.directive.Parse
2018-03-07 20:46:17,244 - Loaded System Directive: org.apache.velocity.runtime.directive.Parse
2018-03-07 20:46:17,244 - Loaded System Directive: org.apache.velocity.runtime.directive.Include
2018-03-07 20:46:17,244 - Loaded System Directive: org.apache.velocity.runtime.directive.Include
2018-03-07 20:46:17,244 - Loaded System Directive: org.apache.velocity.runtime.directive.Foreach
2018-03-07 20:46:17,244 - Loaded System Directive: org.apache.velocity.runtime.directive.Foreach
2018-03-07 20:46:17,246 - Created '20' parsers.
2018-03-07 20:46:17,246 - Created '20' parsers.
2018-03-07 20:46:17,246 - Velocimacro : "velocimacro.library" is not set.  Trying default library: VM_global_library.vm
2018-03-07 20:46:17,246 - Velocimacro : "velocimacro.library" is not set.  Trying default library: VM_global_library.vm
2018-03-07 20:46:17,246 - Could not load resource 'VM_global_library.vm' from ResourceLoader org.apache.velocity.runtime.resource.loader.ClasspathResourceLoader: ClasspathResourceLoader Error: cannot find resource VM_global_library.vm
2018-03-07 20:46:17,246 - Could not load resource 'VM_global_library.vm' from ResourceLoader org.apache.velocity.runtime.resource.loader.ClasspathResourceLoader: ClasspathResourceLoader Error: cannot find resource VM_global_library.vm
2018-03-07 20:46:17,246 - Velocimacro : Default library not found.
2018-03-07 20:46:17,246 - Velocimacro : Default library not found.
2018-03-07 20:46:17,247 - Velocimacro : allowInline = true : VMs can be defined inline in templates
2018-03-07 20:46:17,247 - Velocimacro : allowInline = true : VMs can be defined inline in templates
2018-03-07 20:46:17,247 - Velocimacro : allowInlineToOverride = false : VMs defined inline may NOT replace previous VM definitions
2018-03-07 20:46:17,247 - Velocimacro : allowInlineToOverride = false : VMs defined inline may NOT replace previous VM definitions
2018-03-07 20:46:17,247 - Velocimacro : allowInlineLocal = false : VMs defined inline will be global in scope if allowed.
2018-03-07 20:46:17,247 - Velocimacro : allowInlineLocal = false : VMs defined inline will be global in scope if allowed.
2018-03-07 20:46:17,247 - Velocimacro : autoload off : VM system will not automatically reload global library macros
2018-03-07 20:46:17,247 - Velocimacro : autoload off : VM system will not automatically reload global library macros
2018-03-07 20:46:17,248 - ResourceManager : found templates/login.vm with loader org.apache.velocity.runtime.resource.loader.ClasspathResourceLoader
2018-03-07 20:46:17,248 - ResourceManager : found templates/login.vm with loader org.apache.velocity.runtime.resource.loader.ClasspathResourceLoader
2018-03-07 20:47:21,519 - Log4JLogChute initialized using file 'velocity.log'
2018-03-07 20:47:21,521 - Initializing Velocity, Calling init()...
2018-03-07 20:47:21,522 - Starting Apache Velocity v1.7 (compiled: 2010-11-19 12:14:37)
2018-03-07 20:47:21,522 - Default Properties File: org/apache/velocity/runtime/defaults/velocity.properties
2018-03-07 20:47:21,523 - Trying to use logger class org.apache.velocity.runtime.log.AvalonLogChute
2018-03-07 20:47:21,524 - Target log system for org.apache.velocity.runtime.log.AvalonLogChute is not available (java.lang.NoClassDefFoundError: org/apache/log/format/Formatter).  Falling back to next log system...
2018-03-07 20:47:21,524 - Trying to use logger class org.apache.velocity.runtime.log.Log4JLogChute
2018-03-07 20:47:21,524 - Using logger class org.apache.velocity.runtime.log.Log4JLogChute
2018-03-07 20:47:21,528 - ResourceLoader instantiated: org.apache.velocity.runtime.resource.loader.ClasspathResourceLoader
2018-03-07 20:47:21,544 - ResourceCache: initialized (class org.apache.velocity.runtime.resource.ResourceCacheImpl) with class java.util.Collections$SynchronizedMap cache map.
2018-03-07 20:47:21,547 - Loaded System Directive: org.apache.velocity.runtime.directive.Stop
2018-03-07 20:47:21,548 - Loaded System Directive: org.apache.velocity.runtime.directive.Define
2018-03-07 20:47:21,549 - Loaded System Directive: org.apache.velocity.runtime.directive.Break
2018-03-07 20:47:21,550 - Loaded System Directive: org.apache.velocity.runtime.directive.Evaluate
2018-03-07 20:47:21,551 - Loaded System Directive: org.apache.velocity.runtime.directive.Literal
2018-03-07 20:47:21,554 - Loaded System Directive: org.apache.velocity.runtime.directive.Macro
2018-03-07 20:47:21,555 - Loaded System Directive: org.apache.velocity.runtime.directive.Parse
2018-03-07 20:47:21,557 - Loaded System Directive: org.apache.velocity.runtime.directive.Include
2018-03-07 20:47:21,558 - Loaded System Directive: org.apache.velocity.runtime.directive.Foreach
2018-03-07 20:47:21,583 - Created '20' parsers.
2018-03-07 20:47:21,593 - Velocimacro : "velocimacro.library" is not set.  Trying default library: VM_global_library.vm
2018-03-07 20:47:21,595 - Could not load resource 'VM_global_library.vm' from ResourceLoader org.apache.velocity.runtime.resource.loader.ClasspathResourceLoader: ClasspathResourceLoader Error: cannot find resource VM_global_library.vm
2018-03-07 20:47:21,595 - Velocimacro : Default library not found.
2018-03-07 20:47:21,595 - Velocimacro : allowInline = true : VMs can be defined inline in templates
2018-03-07 20:47:21,595 - Velocimacro : allowInlineToOverride = false : VMs defined inline may NOT replace previous VM definitions
2018-03-07 20:47:21,595 - Velocimacro : allowInlineLocal = false : VMs defined inline will be global in scope if allowed.
2018-03-07 20:47:21,595 - Velocimacro : autoload off : VM system will not automatically reload global library macros
2018-03-07 20:47:21,605 - ResourceManager : found templates/login.vm with loader org.apache.velocity.runtime.resource.loader.ClasspathResourceLoader
2018-03-07 20:47:22,391 - Log4JLogChute initialized using file 'velocity.log'
2018-03-07 20:47:22,391 - Log4JLogChute initialized using file 'velocity.log'
2018-03-07 20:47:22,392 - Initializing Velocity, Calling init()...
2018-03-07 20:47:22,392 - Initializing Velocity, Calling init()...
2018-03-07 20:47:22,392 - Starting Apache Velocity v1.7 (compiled: 2010-11-19 12:14:37)
2018-03-07 20:47:22,392 - Starting Apache Velocity v1.7 (compiled: 2010-11-19 12:14:37)
2018-03-07 20:47:22,392 - Default Properties File: org/apache/velocity/runtime/defaults/velocity.properties
2018-03-07 20:47:22,392 - Default Properties File: org/apache/velocity/runtime/defaults/velocity.properties
2018-03-07 20:47:22,392 - Trying to use logger class org.apache.velocity.runtime.log.AvalonLogChute
2018-03-07 20:47:22,392 - Trying to use logger class org.apache.velocity.runtime.log.AvalonLogChute
2018-03-07 20:47:22,392 - Target log system for org.apache.velocity.runtime.log.AvalonLogChute is not available (java.lang.NoClassDefFoundError: org/apache/log/format/Formatter).  Falling back to next log system...
2018-03-07 20:47:22,392 - Target log system for org.apache.velocity.runtime.log.AvalonLogChute is not available (java.lang.NoClassDefFoundError: org/apache/log/format/Formatter).  Falling back to next log system...
2018-03-07 20:47:22,392 - Trying to use logger class org.apache.velocity.runtime.log.Log4JLogChute
2018-03-07 20:47:22,392 - Trying to use logger class org.apache.velocity.runtime.log.Log4JLogChute
2018-03-07 20:47:22,392 - Using logger class org.apache.velocity.runtime.log.Log4JLogChute
2018-03-07 20:47:22,392 - Using logger class org.apache.velocity.runtime.log.Log4JLogChute
2018-03-07 20:47:22,393 - ResourceLoader instantiated: org.apache.velocity.runtime.resource.loader.ClasspathResourceLoader
2018-03-07 20:47:22,393 - ResourceLoader instantiated: org.apache.velocity.runtime.resource.loader.ClasspathResourceLoader
2018-03-07 20:47:22,393 - ResourceCache: initialized (class org.apache.velocity.runtime.resource.ResourceCacheImpl) with class java.util.Collections$SynchronizedMap cache map.
2018-03-07 20:47:22,393 - ResourceCache: initialized (class org.apache.velocity.runtime.resource.ResourceCacheImpl) with class java.util.Collections$SynchronizedMap cache map.
2018-03-07 20:47:22,394 - Loaded System Directive: org.apache.velocity.runtime.directive.Stop
2018-03-07 20:47:22,394 - Loaded System Directive: org.apache.velocity.runtime.directive.Stop
2018-03-07 20:47:22,394 - Loaded System Directive: org.apache.velocity.runtime.directive.Define
2018-03-07 20:47:22,394 - Loaded System Directive: org.apache.velocity.runtime.directive.Define
2018-03-07 20:47:22,394 - Loaded System Directive: org.apache.velocity.runtime.directive.Break
2018-03-07 20:47:22,394 - Loaded System Directive: org.apache.velocity.runtime.directive.Break
2018-03-07 20:47:22,394 - Loaded System Directive: org.apache.velocity.runtime.directive.Evaluate
2018-03-07 20:47:22,394 - Loaded System Directive: org.apache.velocity.runtime.directive.Evaluate
2018-03-07 20:47:22,394 - Loaded System Directive: org.apache.velocity.runtime.directive.Literal
2018-03-07 20:47:22,394 - Loaded System Directive: org.apache.velocity.runtime.directive.Literal
2018-03-07 20:47:22,395 - Loaded System Directive: org.apache.velocity.runtime.directive.Macro
2018-03-07 20:47:22,395 - Loaded System Directive: org.apache.velocity.runtime.directive.Macro
2018-03-07 20:47:22,395 - Loaded System Directive: org.apache.velocity.runtime.directive.Parse
2018-03-07 20:47:22,395 - Loaded System Directive: org.apache.velocity.runtime.directive.Parse
2018-03-07 20:47:22,395 - Loaded System Directive: org.apache.velocity.runtime.directive.Include
2018-03-07 20:47:22,395 - Loaded System Directive: org.apache.velocity.runtime.directive.Include
2018-03-07 20:47:22,395 - Loaded System Directive: org.apache.velocity.runtime.directive.Foreach
2018-03-07 20:47:22,395 - Loaded System Directive: org.apache.velocity.runtime.directive.Foreach
2018-03-07 20:47:22,397 - Created '20' parsers.
2018-03-07 20:47:22,397 - Created '20' parsers.
2018-03-07 20:47:22,397 - Velocimacro : "velocimacro.library" is not set.  Trying default library: VM_global_library.vm
2018-03-07 20:47:22,397 - Velocimacro : "velocimacro.library" is not set.  Trying default library: VM_global_library.vm
2018-03-07 20:47:22,398 - Could not load resource 'VM_global_library.vm' from ResourceLoader org.apache.velocity.runtime.resource.loader.ClasspathResourceLoader: ClasspathResourceLoader Error: cannot find resource VM_global_library.vm
2018-03-07 20:47:22,398 - Could not load resource 'VM_global_library.vm' from ResourceLoader org.apache.velocity.runtime.resource.loader.ClasspathResourceLoader: ClasspathResourceLoader Error: cannot find resource VM_global_library.vm
2018-03-07 20:47:22,398 - Velocimacro : Default library not found.
2018-03-07 20:47:22,398 - Velocimacro : Default library not found.
2018-03-07 20:47:22,398 - Velocimacro : allowInline = true : VMs can be defined inline in templates
2018-03-07 20:47:22,398 - Velocimacro : allowInline = true : VMs can be defined inline in templates
2018-03-07 20:47:22,398 - Velocimacro : allowInlineToOverride = false : VMs defined inline may NOT replace previous VM definitions
2018-03-07 20:47:22,398 - Velocimacro : allowInlineToOverride = false : VMs defined inline may NOT replace previous VM definitions
2018-03-07 20:47:22,398 - Velocimacro : allowInlineLocal = false : VMs defined inline will be global in scope if allowed.
2018-03-07 20:47:22,398 - Velocimacro : allowInlineLocal = false : VMs defined inline will be global in scope if allowed.
2018-03-07 20:47:22,398 - Velocimacro : autoload off : VM system will not automatically reload global library macros
2018-03-07 20:47:22,398 - Velocimacro : autoload off : VM system will not automatically reload global library macros
2018-03-07 20:47:22,399 - ResourceManager : found templates/login.vm with loader org.apache.velocity.runtime.resource.loader.ClasspathResourceLoader
2018-03-07 20:47:22,399 - ResourceManager : found templates/login.vm with loader org.apache.velocity.runtime.resource.loader.ClasspathResourceLoader
2018-03-07 20:48:03,587 - Log4JLogChute initialized using file 'velocity.log'
2018-03-07 20:48:03,587 - Log4JLogChute initialized using file 'velocity.log'
2018-03-07 20:48:03,587 - Log4JLogChute initialized using file 'velocity.log'
2018-03-07 20:48:03,588 - Initializing Velocity, Calling init()...
2018-03-07 20:48:03,588 - Initializing Velocity, Calling init()...
2018-03-07 20:48:03,588 - Initializing Velocity, Calling init()...
2018-03-07 20:48:03,588 - Starting Apache Velocity v1.7 (compiled: 2010-11-19 12:14:37)
2018-03-07 20:48:03,588 - Starting Apache Velocity v1.7 (compiled: 2010-11-19 12:14:37)
2018-03-07 20:48:03,588 - Starting Apache Velocity v1.7 (compiled: 2010-11-19 12:14:37)
2018-03-07 20:48:03,588 - Default Properties File: org/apache/velocity/runtime/defaults/velocity.properties
2018-03-07 20:48:03,588 - Default Properties File: org/apache/velocity/runtime/defaults/velocity.properties
2018-03-07 20:48:03,588 - Default Properties File: org/apache/velocity/runtime/defaults/velocity.properties
2018-03-07 20:48:03,589 - Trying to use logger class org.apache.velocity.runtime.log.AvalonLogChute
2018-03-07 20:48:03,589 - Trying to use logger class org.apache.velocity.runtime.log.AvalonLogChute
2018-03-07 20:48:03,589 - Trying to use logger class org.apache.velocity.runtime.log.AvalonLogChute
2018-03-07 20:48:03,589 - Target log system for org.apache.velocity.runtime.log.AvalonLogChute is not available (java.lang.NoClassDefFoundError: org/apache/log/format/Formatter).  Falling back to next log system...
2018-03-07 20:48:03,589 - Target log system for org.apache.velocity.runtime.log.AvalonLogChute is not available (java.lang.NoClassDefFoundError: org/apache/log/format/Formatter).  Falling back to next log system...
2018-03-07 20:48:03,589 - Target log system for org.apache.velocity.runtime.log.AvalonLogChute is not available (java.lang.NoClassDefFoundError: org/apache/log/format/Formatter).  Falling back to next log system...
2018-03-07 20:48:03,589 - Trying to use logger class org.apache.velocity.runtime.log.Log4JLogChute
2018-03-07 20:48:03,589 - Trying to use logger class org.apache.velocity.runtime.log.Log4JLogChute
2018-03-07 20:48:03,589 - Trying to use logger class org.apache.velocity.runtime.log.Log4JLogChute
2018-03-07 20:48:03,589 - Using logger class org.apache.velocity.runtime.log.Log4JLogChute
2018-03-07 20:48:03,589 - Using logger class org.apache.velocity.runtime.log.Log4JLogChute
2018-03-07 20:48:03,589 - Using logger class org.apache.velocity.runtime.log.Log4JLogChute
2018-03-07 20:48:03,589 - ResourceLoader instantiated: org.apache.velocity.runtime.resource.loader.ClasspathResourceLoader
2018-03-07 20:48:03,589 - ResourceLoader instantiated: org.apache.velocity.runtime.resource.loader.ClasspathResourceLoader
2018-03-07 20:48:03,589 - ResourceLoader instantiated: org.apache.velocity.runtime.resource.loader.ClasspathResourceLoader
2018-03-07 20:48:03,589 - ResourceCache: initialized (class org.apache.velocity.runtime.resource.ResourceCacheImpl) with class java.util.Collections$SynchronizedMap cache map.
2018-03-07 20:48:03,589 - ResourceCache: initialized (class org.apache.velocity.runtime.resource.ResourceCacheImpl) with class java.util.Collections$SynchronizedMap cache map.
2018-03-07 20:48:03,589 - ResourceCache: initialized (class org.apache.velocity.runtime.resource.ResourceCacheImpl) with class java.util.Collections$SynchronizedMap cache map.
2018-03-07 20:48:03,590 - Loaded System Directive: org.apache.velocity.runtime.directive.Stop
2018-03-07 20:48:03,590 - Loaded System Directive: org.apache.velocity.runtime.directive.Stop
2018-03-07 20:48:03,590 - Loaded System Directive: org.apache.velocity.runtime.directive.Stop
2018-03-07 20:48:03,591 - Loaded System Directive: org.apache.velocity.runtime.directive.Define
2018-03-07 20:48:03,591 - Loaded System Directive: org.apache.velocity.runtime.directive.Define
2018-03-07 20:48:03,591 - Loaded System Directive: org.apache.velocity.runtime.directive.Define
2018-03-07 20:48:03,591 - Loaded System Directive: org.apache.velocity.runtime.directive.Break
2018-03-07 20:48:03,591 - Loaded System Directive: org.apache.velocity.runtime.directive.Break
2018-03-07 20:48:03,591 - Loaded System Directive: org.apache.velocity.runtime.directive.Break
2018-03-07 20:48:03,591 - Loaded System Directive: org.apache.velocity.runtime.directive.Evaluate
2018-03-07 20:48:03,591 - Loaded System Directive: org.apache.velocity.runtime.directive.Evaluate
2018-03-07 20:48:03,591 - Loaded System Directive: org.apache.velocity.runtime.directive.Evaluate
2018-03-07 20:48:03,591 - Loaded System Directive: org.apache.velocity.runtime.directive.Literal
2018-03-07 20:48:03,591 - Loaded System Directive: org.apache.velocity.runtime.directive.Literal
2018-03-07 20:48:03,591 - Loaded System Directive: org.apache.velocity.runtime.directive.Literal
2018-03-07 20:48:03,591 - Loaded System Directive: org.apache.velocity.runtime.directive.Macro
2018-03-07 20:48:03,591 - Loaded System Directive: org.apache.velocity.runtime.directive.Macro
2018-03-07 20:48:03,591 - Loaded System Directive: org.apache.velocity.runtime.directive.Macro
2018-03-07 20:48:03,592 - Loaded System Directive: org.apache.velocity.runtime.directive.Parse
2018-03-07 20:48:03,592 - Loaded System Directive: org.apache.velocity.runtime.directive.Parse
2018-03-07 20:48:03,592 - Loaded System Directive: org.apache.velocity.runtime.directive.Parse
2018-03-07 20:48:03,592 - Loaded System Directive: org.apache.velocity.runtime.directive.Include
2018-03-07 20:48:03,592 - Loaded System Directive: org.apache.velocity.runtime.directive.Include
2018-03-07 20:48:03,592 - Loaded System Directive: org.apache.velocity.runtime.directive.Include
2018-03-07 20:48:03,592 - Loaded System Directive: org.apache.velocity.runtime.directive.Foreach
2018-03-07 20:48:03,592 - Loaded System Directive: org.apache.velocity.runtime.directive.Foreach
2018-03-07 20:48:03,592 - Loaded System Directive: org.apache.velocity.runtime.directive.Foreach
2018-03-07 20:48:03,594 - Created '20' parsers.
2018-03-07 20:48:03,594 - Created '20' parsers.
2018-03-07 20:48:03,594 - Created '20' parsers.
2018-03-07 20:48:03,594 - Velocimacro : "velocimacro.library" is not set.  Trying default library: VM_global_library.vm
2018-03-07 20:48:03,594 - Velocimacro : "velocimacro.library" is not set.  Trying default library: VM_global_library.vm
2018-03-07 20:48:03,594 - Velocimacro : "velocimacro.library" is not set.  Trying default library: VM_global_library.vm
2018-03-07 20:48:03,594 - Could not load resource 'VM_global_library.vm' from ResourceLoader org.apache.velocity.runtime.resource.loader.ClasspathResourceLoader: ClasspathResourceLoader Error: cannot find resource VM_global_library.vm
2018-03-07 20:48:03,594 - Could not load resource 'VM_global_library.vm' from ResourceLoader org.apache.velocity.runtime.resource.loader.ClasspathResourceLoader: ClasspathResourceLoader Error: cannot find resource VM_global_library.vm
2018-03-07 20:48:03,594 - Could not load resource 'VM_global_library.vm' from ResourceLoader org.apache.velocity.runtime.resource.loader.ClasspathResourceLoader: ClasspathResourceLoader Error: cannot find resource VM_global_library.vm
2018-03-07 20:48:03,594 - Velocimacro : Default library not found.
2018-03-07 20:48:03,594 - Velocimacro : Default library not found.
2018-03-07 20:48:03,594 - Velocimacro : Default library not found.
2018-03-07 20:48:03,594 - Velocimacro : allowInline = true : VMs can be defined inline in templates
2018-03-07 20:48:03,594 - Velocimacro : allowInline = true : VMs can be defined inline in templates
2018-03-07 20:48:03,594 - Velocimacro : allowInline = true : VMs can be defined inline in templates
2018-03-07 20:48:03,594 - Velocimacro : allowInlineToOverride = false : VMs defined inline may NOT replace previous VM definitions
2018-03-07 20:48:03,594 - Velocimacro : allowInlineToOverride = false : VMs defined inline may NOT replace previous VM definitions
2018-03-07 20:48:03,594 - Velocimacro : allowInlineToOverride = false : VMs defined inline may NOT replace previous VM definitions
2018-03-07 20:48:03,595 - Velocimacro : allowInlineLocal = false : VMs defined inline will be global in scope if allowed.
2018-03-07 20:48:03,595 - Velocimacro : allowInlineLocal = false : VMs defined inline will be global in scope if allowed.
2018-03-07 20:48:03,595 - Velocimacro : allowInlineLocal = false : VMs defined inline will be global in scope if allowed.
2018-03-07 20:48:03,595 - Velocimacro : autoload off : VM system will not automatically reload global library macros
2018-03-07 20:48:03,595 - Velocimacro : autoload off : VM system will not automatically reload global library macros
2018-03-07 20:48:03,595 - Velocimacro : autoload off : VM system will not automatically reload global library macros
2018-03-07 20:48:03,596 - ResourceManager : found templates/login.vm with loader org.apache.velocity.runtime.resource.loader.ClasspathResourceLoader
2018-03-07 20:48:03,596 - ResourceManager : found templates/login.vm with loader org.apache.velocity.runtime.resource.loader.ClasspathResourceLoader
2018-03-07 20:48:03,596 - ResourceManager : found templates/login.vm with loader org.apache.velocity.runtime.resource.loader.ClasspathResourceLoader
2018-03-07 20:48:04,915 - Log4JLogChute initialized using file 'velocity.log'
2018-03-07 20:48:04,915 - Log4JLogChute initialized using file 'velocity.log'
2018-03-07 20:48:04,915 - Log4JLogChute initialized using file 'velocity.log'
2018-03-07 20:48:04,915 - Log4JLogChute initialized using file 'velocity.log'
2018-03-07 20:48:04,919 - Initializing Velocity, Calling init()...
2018-03-07 20:48:04,919 - Initializing Velocity, Calling init()...
2018-03-07 20:48:04,919 - Initializing Velocity, Calling init()...
2018-03-07 20:48:04,919 - Initializing Velocity, Calling init()...
2018-03-07 20:48:04,919 - Starting Apache Velocity v1.7 (compiled: 2010-11-19 12:14:37)
2018-03-07 20:48:04,919 - Starting Apache Velocity v1.7 (compiled: 2010-11-19 12:14:37)
2018-03-07 20:48:04,919 - Starting Apache Velocity v1.7 (compiled: 2010-11-19 12:14:37)
2018-03-07 20:48:04,919 - Starting Apache Velocity v1.7 (compiled: 2010-11-19 12:14:37)
2018-03-07 20:48:04,919 - Default Properties File: org/apache/velocity/runtime/defaults/velocity.properties
2018-03-07 20:48:04,919 - Default Properties File: org/apache/velocity/runtime/defaults/velocity.properties
2018-03-07 20:48:04,919 - Default Properties File: org/apache/velocity/runtime/defaults/velocity.properties
2018-03-07 20:48:04,919 - Default Properties File: org/apache/velocity/runtime/defaults/velocity.properties
2018-03-07 20:48:04,920 - Trying to use logger class org.apache.velocity.runtime.log.AvalonLogChute
2018-03-07 20:48:04,920 - Trying to use logger class org.apache.velocity.runtime.log.AvalonLogChute
2018-03-07 20:48:04,920 - Trying to use logger class org.apache.velocity.runtime.log.AvalonLogChute
2018-03-07 20:48:04,920 - Trying to use logger class org.apache.velocity.runtime.log.AvalonLogChute
2018-03-07 20:48:04,920 - Target log system for org.apache.velocity.runtime.log.AvalonLogChute is not available (java.lang.NoClassDefFoundError: org/apache/log/format/Formatter).  Falling back to next log system...
2018-03-07 20:48:04,920 - Target log system for org.apache.velocity.runtime.log.AvalonLogChute is not available (java.lang.NoClassDefFoundError: org/apache/log/format/Formatter).  Falling back to next log system...
2018-03-07 20:48:04,920 - Target log system for org.apache.velocity.runtime.log.AvalonLogChute is not available (java.lang.NoClassDefFoundError: org/apache/log/format/Formatter).  Falling back to next log system...
2018-03-07 20:48:04,920 - Target log system for org.apache.velocity.runtime.log.AvalonLogChute is not available (java.lang.NoClassDefFoundError: org/apache/log/format/Formatter).  Falling back to next log system...
2018-03-07 20:48:04,920 - Trying to use logger class org.apache.velocity.runtime.log.Log4JLogChute
2018-03-07 20:48:04,920 - Trying to use logger class org.apache.velocity.runtime.log.Log4JLogChute
2018-03-07 20:48:04,920 - Trying to use logger class org.apache.velocity.runtime.log.Log4JLogChute
2018-03-07 20:48:04,920 - Trying to use logger class org.apache.velocity.runtime.log.Log4JLogChute
2018-03-07 20:48:04,921 - Using logger class org.apache.velocity.runtime.log.Log4JLogChute
2018-03-07 20:48:04,921 - Using logger class org.apache.velocity.runtime.log.Log4JLogChute
2018-03-07 20:48:04,921 - Using logger class org.apache.velocity.runtime.log.Log4JLogChute
2018-03-07 20:48:04,921 - Using logger class org.apache.velocity.runtime.log.Log4JLogChute
2018-03-07 20:48:04,921 - ResourceLoader instantiated: org.apache.velocity.runtime.resource.loader.ClasspathResourceLoader
2018-03-07 20:48:04,921 - ResourceLoader instantiated: org.apache.velocity.runtime.resource.loader.ClasspathResourceLoader
2018-03-07 20:48:04,921 - ResourceLoader instantiated: org.apache.velocity.runtime.resource.loader.ClasspathResourceLoader
2018-03-07 20:48:04,921 - ResourceLoader instantiated: org.apache.velocity.runtime.resource.loader.ClasspathResourceLoader
2018-03-07 20:48:04,921 - ResourceCache: initialized (class org.apache.velocity.runtime.resource.ResourceCacheImpl) with class java.util.Collections$SynchronizedMap cache map.
2018-03-07 20:48:04,921 - ResourceCache: initialized (class org.apache.velocity.runtime.resource.ResourceCacheImpl) with class java.util.Collections$SynchronizedMap cache map.
2018-03-07 20:48:04,921 - ResourceCache: initialized (class org.apache.velocity.runtime.resource.ResourceCacheImpl) with class java.util.Collections$SynchronizedMap cache map.
2018-03-07 20:48:04,921 - ResourceCache: initialized (class org.apache.velocity.runtime.resource.ResourceCacheImpl) with class java.util.Collections$SynchronizedMap cache map.
2018-03-07 20:48:04,922 - Loaded System Directive: org.apache.velocity.runtime.directive.Stop
2018-03-07 20:48:04,922 - Loaded System Directive: org.apache.velocity.runtime.directive.Stop
2018-03-07 20:48:04,922 - Loaded System Directive: org.apache.velocity.runtime.directive.Stop
2018-03-07 20:48:04,922 - Loaded System Directive: org.apache.velocity.runtime.directive.Stop
2018-03-07 20:48:04,922 - Loaded System Directive: org.apache.velocity.runtime.directive.Define
2018-03-07 20:48:04,922 - Loaded System Directive: org.apache.velocity.runtime.directive.Define
2018-03-07 20:48:04,922 - Loaded System Directive: org.apache.velocity.runtime.directive.Define
2018-03-07 20:48:04,922 - Loaded System Directive: org.apache.velocity.runtime.directive.Define
2018-03-07 20:48:04,922 - Loaded System Directive: org.apache.velocity.runtime.directive.Break
2018-03-07 20:48:04,922 - Loaded System Directive: org.apache.velocity.runtime.directive.Break
2018-03-07 20:48:04,922 - Loaded System Directive: org.apache.velocity.runtime.directive.Break
2018-03-07 20:48:04,922 - Loaded System Directive: org.apache.velocity.runtime.directive.Break
2018-03-07 20:48:04,923 - Loaded System Directive: org.apache.velocity.runtime.directive.Evaluate
2018-03-07 20:48:04,923 - Loaded System Directive: org.apache.velocity.runtime.directive.Evaluate
2018-03-07 20:48:04,923 - Loaded System Directive: org.apache.velocity.runtime.directive.Evaluate
2018-03-07 20:48:04,923 - Loaded System Directive: org.apache.velocity.runtime.directive.Evaluate
2018-03-07 20:48:04,923 - Loaded System Directive: org.apache.velocity.runtime.directive.Literal
2018-03-07 20:48:04,923 - Loaded System Directive: org.apache.velocity.runtime.directive.Literal
2018-03-07 20:48:04,923 - Loaded System Directive: org.apache.velocity.runtime.directive.Literal
2018-03-07 20:48:04,923 - Loaded System Directive: org.apache.velocity.runtime.directive.Literal
2018-03-07 20:48:04,923 - Loaded System Directive: org.apache.velocity.runtime.directive.Macro
2018-03-07 20:48:04,923 - Loaded System Directive: org.apache.velocity.runtime.directive.Macro
2018-03-07 20:48:04,923 - Loaded System Directive: org.apache.velocity.runtime.directive.Macro
2018-03-07 20:48:04,923 - Loaded System Directive: org.apache.velocity.runtime.directive.Macro
2018-03-07 20:48:04,923 - Loaded System Directive: org.apache.velocity.runtime.directive.Parse
2018-03-07 20:48:04,923 - Loaded System Directive: org.apache.velocity.runtime.directive.Parse
2018-03-07 20:48:04,923 - Loaded System Directive: org.apache.velocity.runtime.directive.Parse
2018-03-07 20:48:04,923 - Loaded System Directive: org.apache.velocity.runtime.directive.Parse
2018-03-07 20:48:04,923 - Loaded System Directive: org.apache.velocity.runtime.directive.Include
2018-03-07 20:48:04,923 - Loaded System Directive: org.apache.velocity.runtime.directive.Include
2018-03-07 20:48:04,923 - Loaded System Directive: org.apache.velocity.runtime.directive.Include
2018-03-07 20:48:04,923 - Loaded System Directive: org.apache.velocity.runtime.directive.Include
2018-03-07 20:48:04,924 - Loaded System Directive: org.apache.velocity.runtime.directive.Foreach
2018-03-07 20:48:04,924 - Loaded System Directive: org.apache.velocity.runtime.directive.Foreach
2018-03-07 20:48:04,924 - Loaded System Directive: org.apache.velocity.runtime.directive.Foreach
2018-03-07 20:48:04,924 - Loaded System Directive: org.apache.velocity.runtime.directive.Foreach
2018-03-07 20:48:04,926 - Created '20' parsers.
2018-03-07 20:48:04,926 - Created '20' parsers.
2018-03-07 20:48:04,926 - Created '20' parsers.
2018-03-07 20:48:04,926 - Created '20' parsers.
2018-03-07 20:48:04,926 - Velocimacro : "velocimacro.library" is not set.  Trying default library: VM_global_library.vm
2018-03-07 20:48:04,926 - Velocimacro : "velocimacro.library" is not set.  Trying default library: VM_global_library.vm
2018-03-07 20:48:04,926 - Velocimacro : "velocimacro.library" is not set.  Trying default library: VM_global_library.vm
2018-03-07 20:48:04,926 - Velocimacro : "velocimacro.library" is not set.  Trying default library: VM_global_library.vm
2018-03-07 20:48:04,927 - Could not load resource 'VM_global_library.vm' from ResourceLoader org.apache.velocity.runtime.resource.loader.ClasspathResourceLoader: ClasspathResourceLoader Error: cannot find resource VM_global_library.vm
2018-03-07 20:48:04,927 - Could not load resource 'VM_global_library.vm' from ResourceLoader org.apache.velocity.runtime.resource.loader.ClasspathResourceLoader: ClasspathResourceLoader Error: cannot find resource VM_global_library.vm
2018-03-07 20:48:04,927 - Could not load resource 'VM_global_library.vm' from ResourceLoader org.apache.velocity.runtime.resource.loader.ClasspathResourceLoader: ClasspathResourceLoader Error: cannot find resource VM_global_library.vm
2018-03-07 20:48:04,927 - Could not load resource 'VM_global_library.vm' from ResourceLoader org.apache.velocity.runtime.resource.loader.ClasspathResourceLoader: ClasspathResourceLoader Error: cannot find resource VM_global_library.vm
2018-03-07 20:48:04,927 - Velocimacro : Default library not found.
2018-03-07 20:48:04,927 - Velocimacro : Default library not found.
2018-03-07 20:48:04,927 - Velocimacro : Default library not found.
2018-03-07 20:48:04,927 - Velocimacro : Default library not found.
2018-03-07 20:48:04,927 - Velocimacro : allowInline = true : VMs can be defined inline in templates
2018-03-07 20:48:04,927 - Velocimacro : allowInline = true : VMs can be defined inline in templates
2018-03-07 20:48:04,927 - Velocimacro : allowInline = true : VMs can be defined inline in templates
2018-03-07 20:48:04,927 - Velocimacro : allowInline = true : VMs can be defined inline in templates
2018-03-07 20:48:04,927 - Velocimacro : allowInlineToOverride = false : VMs defined inline may NOT replace previous VM definitions
2018-03-07 20:48:04,927 - Velocimacro : allowInlineToOverride = false : VMs defined inline may NOT replace previous VM definitions
2018-03-07 20:48:04,927 - Velocimacro : allowInlineToOverride = false : VMs defined inline may NOT replace previous VM definitions
2018-03-07 20:48:04,927 - Velocimacro : allowInlineToOverride = false : VMs defined inline may NOT replace previous VM definitions
2018-03-07 20:48:04,927 - Velocimacro : allowInlineLocal = false : VMs defined inline will be global in scope if allowed.
2018-03-07 20:48:04,927 - Velocimacro : allowInlineLocal = false : VMs defined inline will be global in scope if allowed.
2018-03-07 20:48:04,927 - Velocimacro : allowInlineLocal = false : VMs defined inline will be global in scope if allowed.
2018-03-07 20:48:04,927 - Velocimacro : allowInlineLocal = false : VMs defined inline will be global in scope if allowed.
2018-03-07 20:48:04,927 - Velocimacro : autoload off : VM system will not automatically reload global library macros
2018-03-07 20:48:04,927 - Velocimacro : autoload off : VM system will not automatically reload global library macros
2018-03-07 20:48:04,927 - Velocimacro : autoload off : VM system will not automatically reload global library macros
2018-03-07 20:48:04,927 - Velocimacro : autoload off : VM system will not automatically reload global library macros
2018-03-07 20:48:04,928 - ResourceManager : found templates/login.vm with loader org.apache.velocity.runtime.resource.loader.ClasspathResourceLoader
2018-03-07 20:48:04,928 - ResourceManager : found templates/login.vm with loader org.apache.velocity.runtime.resource.loader.ClasspathResourceLoader
2018-03-07 20:48:04,928 - ResourceManager : found templates/login.vm with loader org.apache.velocity.runtime.resource.loader.ClasspathResourceLoader
2018-03-07 20:48:04,928 - ResourceManager : found templates/login.vm with loader org.apache.velocity.runtime.resource.loader.ClasspathResourceLoader
2018-03-07 20:48:19,193 - Log4JLogChute initialized using file 'velocity.log'
2018-03-07 20:48:19,194 - Initializing Velocity, Calling init()...
2018-03-07 20:48:19,194 - Starting Apache Velocity v1.7 (compiled: 2010-11-19 12:14:37)
2018-03-07 20:48:19,194 - Default Properties File: org/apache/velocity/runtime/defaults/velocity.properties
2018-03-07 20:48:19,194 - Trying to use logger class org.apache.velocity.runtime.log.AvalonLogChute
2018-03-07 20:48:19,194 - Target log system for org.apache.velocity.runtime.log.AvalonLogChute is not available (java.lang.NoClassDefFoundError: org/apache/log/format/Formatter).  Falling back to next log system...
2018-03-07 20:48:19,194 - Trying to use logger class org.apache.velocity.runtime.log.Log4JLogChute
2018-03-07 20:48:19,194 - Using logger class org.apache.velocity.runtime.log.Log4JLogChute
2018-03-07 20:48:19,198 - ResourceLoader instantiated: org.apache.velocity.runtime.resource.loader.ClasspathResourceLoader
2018-03-07 20:48:19,208 - ResourceCache: initialized (class org.apache.velocity.runtime.resource.ResourceCacheImpl) with class java.util.Collections$SynchronizedMap cache map.
2018-03-07 20:48:19,210 - Loaded System Directive: org.apache.velocity.runtime.directive.Stop
2018-03-07 20:48:19,212 - Loaded System Directive: org.apache.velocity.runtime.directive.Define
2018-03-07 20:48:19,213 - Loaded System Directive: org.apache.velocity.runtime.directive.Break
2018-03-07 20:48:19,214 - Loaded System Directive: org.apache.velocity.runtime.directive.Evaluate
2018-03-07 20:48:19,216 - Loaded System Directive: org.apache.velocity.runtime.directive.Literal
2018-03-07 20:48:19,221 - Loaded System Directive: org.apache.velocity.runtime.directive.Macro
2018-03-07 20:48:19,224 - Loaded System Directive: org.apache.velocity.runtime.directive.Parse
2018-03-07 20:48:19,231 - Loaded System Directive: org.apache.velocity.runtime.directive.Include
2018-03-07 20:48:19,239 - Loaded System Directive: org.apache.velocity.runtime.directive.Foreach
2018-03-07 20:48:19,273 - Created '20' parsers.
2018-03-07 20:48:19,277 - Velocimacro : "velocimacro.library" is not set.  Trying default library: VM_global_library.vm
2018-03-07 20:48:19,278 - Could not load resource 'VM_global_library.vm' from ResourceLoader org.apache.velocity.runtime.resource.loader.ClasspathResourceLoader: ClasspathResourceLoader Error: cannot find resource VM_global_library.vm
2018-03-07 20:48:19,279 - Velocimacro : Default library not found.
2018-03-07 20:48:19,280 - Velocimacro : allowInline = true : VMs can be defined inline in templates
2018-03-07 20:48:19,280 - Velocimacro : allowInlineToOverride = false : VMs defined inline may NOT replace previous VM definitions
2018-03-07 20:48:19,280 - Velocimacro : allowInlineLocal = false : VMs defined inline will be global in scope if allowed.
2018-03-07 20:48:19,280 - Velocimacro : autoload off : VM system will not automatically reload global library macros
2018-03-07 20:48:19,287 - ResourceManager : found templates/login.vm with loader org.apache.velocity.runtime.resource.loader.ClasspathResourceLoader
2018-03-07 20:48:20,276 - Log4JLogChute initialized using file 'velocity.log'
2018-03-07 20:48:20,276 - Log4JLogChute initialized using file 'velocity.log'
2018-03-07 20:48:20,276 - Initializing Velocity, Calling init()...
2018-03-07 20:48:20,276 - Initializing Velocity, Calling init()...
2018-03-07 20:48:20,276 - Starting Apache Velocity v1.7 (compiled: 2010-11-19 12:14:37)
2018-03-07 20:48:20,276 - Starting Apache Velocity v1.7 (compiled: 2010-11-19 12:14:37)
2018-03-07 20:48:20,276 - Default Properties File: org/apache/velocity/runtime/defaults/velocity.properties
2018-03-07 20:48:20,276 - Default Properties File: org/apache/velocity/runtime/defaults/velocity.properties
2018-03-07 20:48:20,276 - Trying to use logger class org.apache.velocity.runtime.log.AvalonLogChute
2018-03-07 20:48:20,276 - Trying to use logger class org.apache.velocity.runtime.log.AvalonLogChute
2018-03-07 20:48:20,277 - Target log system for org.apache.velocity.runtime.log.AvalonLogChute is not available (java.lang.NoClassDefFoundError: org/apache/log/format/Formatter).  Falling back to next log system...
2018-03-07 20:48:20,277 - Target log system for org.apache.velocity.runtime.log.AvalonLogChute is not available (java.lang.NoClassDefFoundError: org/apache/log/format/Formatter).  Falling back to next log system...
2018-03-07 20:48:20,277 - Trying to use logger class org.apache.velocity.runtime.log.Log4JLogChute
2018-03-07 20:48:20,277 - Trying to use logger class org.apache.velocity.runtime.log.Log4JLogChute
2018-03-07 20:48:20,277 - Using logger class org.apache.velocity.runtime.log.Log4JLogChute
2018-03-07 20:48:20,277 - Using logger class org.apache.velocity.runtime.log.Log4JLogChute
2018-03-07 20:48:20,277 - ResourceLoader instantiated: org.apache.velocity.runtime.resource.loader.ClasspathResourceLoader
2018-03-07 20:48:20,277 - ResourceLoader instantiated: org.apache.velocity.runtime.resource.loader.ClasspathResourceLoader
2018-03-07 20:48:20,277 - ResourceCache: initialized (class org.apache.velocity.runtime.resource.ResourceCacheImpl) with class java.util.Collections$SynchronizedMap cache map.
2018-03-07 20:48:20,277 - ResourceCache: initialized (class org.apache.velocity.runtime.resource.ResourceCacheImpl) with class java.util.Collections$SynchronizedMap cache map.
2018-03-07 20:48:20,278 - Loaded System Directive: org.apache.velocity.runtime.directive.Stop
2018-03-07 20:48:20,278 - Loaded System Directive: org.apache.velocity.runtime.directive.Stop
2018-03-07 20:48:20,278 - Loaded System Directive: org.apache.velocity.runtime.directive.Define
2018-03-07 20:48:20,278 - Loaded System Directive: org.apache.velocity.runtime.directive.Define
2018-03-07 20:48:20,278 - Loaded System Directive: org.apache.velocity.runtime.directive.Break
2018-03-07 20:48:20,278 - Loaded System Directive: org.apache.velocity.runtime.directive.Break
2018-03-07 20:48:20,278 - Loaded System Directive: org.apache.velocity.runtime.directive.Evaluate
2018-03-07 20:48:20,278 - Loaded System Directive: org.apache.velocity.runtime.directive.Evaluate
2018-03-07 20:48:20,278 - Loaded System Directive: org.apache.velocity.runtime.directive.Literal
2018-03-07 20:48:20,278 - Loaded System Directive: org.apache.velocity.runtime.directive.Literal
2018-03-07 20:48:20,278 - Loaded System Directive: org.apache.velocity.runtime.directive.Macro
2018-03-07 20:48:20,278 - Loaded System Directive: org.apache.velocity.runtime.directive.Macro
2018-03-07 20:48:20,278 - Loaded System Directive: org.apache.velocity.runtime.directive.Parse
2018-03-07 20:48:20,278 - Loaded System Directive: org.apache.velocity.runtime.directive.Parse
2018-03-07 20:48:20,278 - Loaded System Directive: org.apache.velocity.runtime.directive.Include
2018-03-07 20:48:20,278 - Loaded System Directive: org.apache.velocity.runtime.directive.Include
2018-03-07 20:48:20,278 - Loaded System Directive: org.apache.velocity.runtime.directive.Foreach
2018-03-07 20:48:20,278 - Loaded System Directive: org.apache.velocity.runtime.directive.Foreach
2018-03-07 20:48:20,280 - Created '20' parsers.
2018-03-07 20:48:20,280 - Created '20' parsers.
2018-03-07 20:48:20,280 - Velocimacro : "velocimacro.library" is not set.  Trying default library: VM_global_library.vm
2018-03-07 20:48:20,280 - Velocimacro : "velocimacro.library" is not set.  Trying default library: VM_global_library.vm
2018-03-07 20:48:20,288 - Could not load resource 'VM_global_library.vm' from ResourceLoader org.apache.velocity.runtime.resource.loader.ClasspathResourceLoader: ClasspathResourceLoader Error: cannot find resource VM_global_library.vm
2018-03-07 20:48:20,288 - Could not load resource 'VM_global_library.vm' from ResourceLoader org.apache.velocity.runtime.resource.loader.ClasspathResourceLoader: ClasspathResourceLoader Error: cannot find resource VM_global_library.vm
2018-03-07 20:48:20,288 - Velocimacro : Default library not found.
2018-03-07 20:48:20,288 - Velocimacro : Default library not found.
2018-03-07 20:48:20,288 - Velocimacro : allowInline = true : VMs can be defined inline in templates
2018-03-07 20:48:20,288 - Velocimacro : allowInline = true : VMs can be defined inline in templates
2018-03-07 20:48:20,289 - Velocimacro : allowInlineToOverride = false : VMs defined inline may NOT replace previous VM definitions
2018-03-07 20:48:20,289 - Velocimacro : allowInlineToOverride = false : VMs defined inline may NOT replace previous VM definitions
2018-03-07 20:48:20,289 - Velocimacro : allowInlineLocal = false : VMs defined inline will be global in scope if allowed.
2018-03-07 20:48:20,289 - Velocimacro : allowInlineLocal = false : VMs defined inline will be global in scope if allowed.
2018-03-07 20:48:20,289 - Velocimacro : autoload off : VM system will not automatically reload global library macros
2018-03-07 20:48:20,289 - Velocimacro : autoload off : VM system will not automatically reload global library macros
2018-03-07 20:48:20,289 - ResourceManager : found templates/login.vm with loader org.apache.velocity.runtime.resource.loader.ClasspathResourceLoader
2018-03-07 20:48:20,289 - ResourceManager : found templates/login.vm with loader org.apache.velocity.runtime.resource.loader.ClasspathResourceLoader
2018-03-07 20:48:21,119 - Log4JLogChute initialized using file 'velocity.log'
2018-03-07 20:48:21,119 - Log4JLogChute initialized using file 'velocity.log'
2018-03-07 20:48:21,119 - Log4JLogChute initialized using file 'velocity.log'
2018-03-07 20:48:21,120 - Initializing Velocity, Calling init()...
2018-03-07 20:48:21,120 - Initializing Velocity, Calling init()...
2018-03-07 20:48:21,120 - Initializing Velocity, Calling init()...
2018-03-07 20:48:21,120 - Starting Apache Velocity v1.7 (compiled: 2010-11-19 12:14:37)
2018-03-07 20:48:21,120 - Starting Apache Velocity v1.7 (compiled: 2010-11-19 12:14:37)
2018-03-07 20:48:21,120 - Starting Apache Velocity v1.7 (compiled: 2010-11-19 12:14:37)
2018-03-07 20:48:21,121 - Default Properties File: org/apache/velocity/runtime/defaults/velocity.properties
2018-03-07 20:48:21,121 - Default Properties File: org/apache/velocity/runtime/defaults/velocity.properties
2018-03-07 20:48:21,121 - Default Properties File: org/apache/velocity/runtime/defaults/velocity.properties
2018-03-07 20:48:21,121 - Trying to use logger class org.apache.velocity.runtime.log.AvalonLogChute
2018-03-07 20:48:21,121 - Trying to use logger class org.apache.velocity.runtime.log.AvalonLogChute
2018-03-07 20:48:21,121 - Trying to use logger class org.apache.velocity.runtime.log.AvalonLogChute
2018-03-07 20:48:21,121 - Target log system for org.apache.velocity.runtime.log.AvalonLogChute is not available (java.lang.NoClassDefFoundError: org/apache/log/format/Formatter).  Falling back to next log system...
2018-03-07 20:48:21,121 - Target log system for org.apache.velocity.runtime.log.AvalonLogChute is not available (java.lang.NoClassDefFoundError: org/apache/log/format/Formatter).  Falling back to next log system...
2018-03-07 20:48:21,121 - Target log system for org.apache.velocity.runtime.log.AvalonLogChute is not available (java.lang.NoClassDefFoundError: org/apache/log/format/Formatter).  Falling back to next log system...
2018-03-07 20:48:21,121 - Trying to use logger class org.apache.velocity.runtime.log.Log4JLogChute
2018-03-07 20:48:21,121 - Trying to use logger class org.apache.velocity.runtime.log.Log4JLogChute
2018-03-07 20:48:21,121 - Trying to use logger class org.apache.velocity.runtime.log.Log4JLogChute
2018-03-07 20:48:21,121 - Using logger class org.apache.velocity.runtime.log.Log4JLogChute
2018-03-07 20:48:21,121 - Using logger class org.apache.velocity.runtime.log.Log4JLogChute
2018-03-07 20:48:21,121 - Using logger class org.apache.velocity.runtime.log.Log4JLogChute
2018-03-07 20:48:21,121 - ResourceLoader instantiated: org.apache.velocity.runtime.resource.loader.ClasspathResourceLoader
2018-03-07 20:48:21,121 - ResourceLoader instantiated: org.apache.velocity.runtime.resource.loader.ClasspathResourceLoader
2018-03-07 20:48:21,121 - ResourceLoader instantiated: org.apache.velocity.runtime.resource.loader.ClasspathResourceLoader
2018-03-07 20:48:21,121 - ResourceCache: initialized (class org.apache.velocity.runtime.resource.ResourceCacheImpl) with class java.util.Collections$SynchronizedMap cache map.
2018-03-07 20:48:21,121 - ResourceCache: initialized (class org.apache.velocity.runtime.resource.ResourceCacheImpl) with class java.util.Collections$SynchronizedMap cache map.
2018-03-07 20:48:21,121 - ResourceCache: initialized (class org.apache.velocity.runtime.resource.ResourceCacheImpl) with class java.util.Collections$SynchronizedMap cache map.
2018-03-07 20:48:21,122 - Loaded System Directive: org.apache.velocity.runtime.directive.Stop
2018-03-07 20:48:21,122 - Loaded System Directive: org.apache.velocity.runtime.directive.Stop
2018-03-07 20:48:21,122 - Loaded System Directive: org.apache.velocity.runtime.directive.Stop
2018-03-07 20:48:21,122 - Loaded System Directive: org.apache.velocity.runtime.directive.Define
2018-03-07 20:48:21,122 - Loaded System Directive: org.apache.velocity.runtime.directive.Define
2018-03-07 20:48:21,122 - Loaded System Directive: org.apache.velocity.runtime.directive.Define
2018-03-07 20:48:21,122 - Loaded System Directive: org.apache.velocity.runtime.directive.Break
2018-03-07 20:48:21,122 - Loaded System Directive: org.apache.velocity.runtime.directive.Break
2018-03-07 20:48:21,122 - Loaded System Directive: org.apache.velocity.runtime.directive.Break
2018-03-07 20:48:21,122 - Loaded System Directive: org.apache.velocity.runtime.directive.Evaluate
2018-03-07 20:48:21,122 - Loaded System Directive: org.apache.velocity.runtime.directive.Evaluate
2018-03-07 20:48:21,122 - Loaded System Directive: org.apache.velocity.runtime.directive.Evaluate
2018-03-07 20:48:21,123 - Loaded System Directive: org.apache.velocity.runtime.directive.Literal
2018-03-07 20:48:21,123 - Loaded System Directive: org.apache.velocity.runtime.directive.Literal
2018-03-07 20:48:21,123 - Loaded System Directive: org.apache.velocity.runtime.directive.Literal
2018-03-07 20:48:21,123 - Loaded System Directive: org.apache.velocity.runtime.directive.Macro
2018-03-07 20:48:21,123 - Loaded System Directive: org.apache.velocity.runtime.directive.Macro
2018-03-07 20:48:21,123 - Loaded System Directive: org.apache.velocity.runtime.directive.Macro
2018-03-07 20:48:21,123 - Loaded System Directive: org.apache.velocity.runtime.directive.Parse
2018-03-07 20:48:21,123 - Loaded System Directive: org.apache.velocity.runtime.directive.Parse
2018-03-07 20:48:21,123 - Loaded System Directive: org.apache.velocity.runtime.directive.Parse
2018-03-07 20:48:21,123 - Loaded System Directive: org.apache.velocity.runtime.directive.Include
2018-03-07 20:48:21,123 - Loaded System Directive: org.apache.velocity.runtime.directive.Include
2018-03-07 20:48:21,123 - Loaded System Directive: org.apache.velocity.runtime.directive.Include
2018-03-07 20:48:21,123 - Loaded System Directive: org.apache.velocity.runtime.directive.Foreach
2018-03-07 20:48:21,123 - Loaded System Directive: org.apache.velocity.runtime.directive.Foreach
2018-03-07 20:48:21,123 - Loaded System Directive: org.apache.velocity.runtime.directive.Foreach
2018-03-07 20:48:21,125 - Created '20' parsers.
2018-03-07 20:48:21,125 - Created '20' parsers.
2018-03-07 20:48:21,125 - Created '20' parsers.
2018-03-07 20:48:21,126 - Velocimacro : "velocimacro.library" is not set.  Trying default library: VM_global_library.vm
2018-03-07 20:48:21,126 - Velocimacro : "velocimacro.library" is not set.  Trying default library: VM_global_library.vm
2018-03-07 20:48:21,126 - Velocimacro : "velocimacro.library" is not set.  Trying default library: VM_global_library.vm
2018-03-07 20:48:21,126 - Could not load resource 'VM_global_library.vm' from ResourceLoader org.apache.velocity.runtime.resource.loader.ClasspathResourceLoader: ClasspathResourceLoader Error: cannot find resource VM_global_library.vm
2018-03-07 20:48:21,126 - Could not load resource 'VM_global_library.vm' from ResourceLoader org.apache.velocity.runtime.resource.loader.ClasspathResourceLoader: ClasspathResourceLoader Error: cannot find resource VM_global_library.vm
2018-03-07 20:48:21,126 - Could not load resource 'VM_global_library.vm' from ResourceLoader org.apache.velocity.runtime.resource.loader.ClasspathResourceLoader: ClasspathResourceLoader Error: cannot find resource VM_global_library.vm
2018-03-07 20:48:21,126 - Velocimacro : Default library not found.
2018-03-07 20:48:21,126 - Velocimacro : Default library not found.
2018-03-07 20:48:21,126 - Velocimacro : Default library not found.
2018-03-07 20:48:21,126 - Velocimacro : allowInline = true : VMs can be defined inline in templates
2018-03-07 20:48:21,126 - Velocimacro : allowInline = true : VMs can be defined inline in templates
2018-03-07 20:48:21,126 - Velocimacro : allowInline = true : VMs can be defined inline in templates
2018-03-07 20:48:21,126 - Velocimacro : allowInlineToOverride = false : VMs defined inline may NOT replace previous VM definitions
2018-03-07 20:48:21,126 - Velocimacro : allowInlineToOverride = false : VMs defined inline may NOT replace previous VM definitions
2018-03-07 20:48:21,126 - Velocimacro : allowInlineToOverride = false : VMs defined inline may NOT replace previous VM definitions
2018-03-07 20:48:21,126 - Velocimacro : allowInlineLocal = false : VMs defined inline will be global in scope if allowed.
2018-03-07 20:48:21,126 - Velocimacro : allowInlineLocal = false : VMs defined inline will be global in scope if allowed.
2018-03-07 20:48:21,126 - Velocimacro : allowInlineLocal = false : VMs defined inline will be global in scope if allowed.
2018-03-07 20:48:21,126 - Velocimacro : autoload off : VM system will not automatically reload global library macros
2018-03-07 20:48:21,126 - Velocimacro : autoload off : VM system will not automatically reload global library macros
2018-03-07 20:48:21,126 - Velocimacro : autoload off : VM system will not automatically reload global library macros
2018-03-07 20:48:21,127 - ResourceManager : found templates/login.vm with loader org.apache.velocity.runtime.resource.loader.ClasspathResourceLoader
2018-03-07 20:48:21,127 - ResourceManager : found templates/login.vm with loader org.apache.velocity.runtime.resource.loader.ClasspathResourceLoader
2018-03-07 20:48:21,127 - ResourceManager : found templates/login.vm with loader org.apache.velocity.runtime.resource.loader.ClasspathResourceLoader
2018-03-07 20:49:09,439 - Log4JLogChute initialized using file 'velocity.log'
2018-03-07 20:49:09,440 - Initializing Velocity, Calling init()...
2018-03-07 20:49:09,440 - Starting Apache Velocity v1.7 (compiled: 2010-11-19 12:14:37)
2018-03-07 20:49:09,440 - Default Properties File: org/apache/velocity/runtime/defaults/velocity.properties
2018-03-07 20:49:09,440 - Trying to use logger class org.apache.velocity.runtime.log.AvalonLogChute
2018-03-07 20:49:09,440 - Target log system for org.apache.velocity.runtime.log.AvalonLogChute is not available (java.lang.NoClassDefFoundError: org/apache/log/format/Formatter).  Falling back to next log system...
2018-03-07 20:49:09,440 - Trying to use logger class org.apache.velocity.runtime.log.Log4JLogChute
2018-03-07 20:49:09,440 - Using logger class org.apache.velocity.runtime.log.Log4JLogChute
2018-03-07 20:49:09,444 - ResourceLoader instantiated: org.apache.velocity.runtime.resource.loader.ClasspathResourceLoader
2018-03-07 20:49:09,457 - ResourceCache: initialized (class org.apache.velocity.runtime.resource.ResourceCacheImpl) with class java.util.Collections$SynchronizedMap cache map.
2018-03-07 20:49:09,460 - Loaded System Directive: org.apache.velocity.runtime.directive.Stop
2018-03-07 20:49:09,461 - Loaded System Directive: org.apache.velocity.runtime.directive.Define
2018-03-07 20:49:09,463 - Loaded System Directive: org.apache.velocity.runtime.directive.Break
2018-03-07 20:49:09,464 - Loaded System Directive: org.apache.velocity.runtime.directive.Evaluate
2018-03-07 20:49:09,465 - Loaded System Directive: org.apache.velocity.runtime.directive.Literal
2018-03-07 20:49:09,467 - Loaded System Directive: org.apache.velocity.runtime.directive.Macro
2018-03-07 20:49:09,469 - Loaded System Directive: org.apache.velocity.runtime.directive.Parse
2018-03-07 20:49:09,470 - Loaded System Directive: org.apache.velocity.runtime.directive.Include
2018-03-07 20:49:09,472 - Loaded System Directive: org.apache.velocity.runtime.directive.Foreach
2018-03-07 20:49:09,496 - Created '20' parsers.
2018-03-07 20:49:09,500 - Velocimacro : "velocimacro.library" is not set.  Trying default library: VM_global_library.vm
2018-03-07 20:49:09,501 - Could not load resource 'VM_global_library.vm' from ResourceLoader org.apache.velocity.runtime.resource.loader.ClasspathResourceLoader: ClasspathResourceLoader Error: cannot find resource VM_global_library.vm
2018-03-07 20:49:09,501 - Velocimacro : Default library not found.
2018-03-07 20:49:09,501 - Velocimacro : allowInline = true : VMs can be defined inline in templates
2018-03-07 20:49:09,501 - Velocimacro : allowInlineToOverride = false : VMs defined inline may NOT replace previous VM definitions
2018-03-07 20:49:09,501 - Velocimacro : allowInlineLocal = false : VMs defined inline will be global in scope if allowed.
2018-03-07 20:49:09,502 - Velocimacro : autoload off : VM system will not automatically reload global library macros
2018-03-07 20:49:09,510 - ResourceManager : found templates/login.vm with loader org.apache.velocity.runtime.resource.loader.ClasspathResourceLoader
2018-03-07 20:49:48,831 - Log4JLogChute initialized using file 'velocity.log'
2018-03-07 20:49:48,831 - Log4JLogChute initialized using file 'velocity.log'
2018-03-07 20:49:48,831 - Initializing Velocity, Calling init()...
2018-03-07 20:49:48,831 - Initializing Velocity, Calling init()...
2018-03-07 20:49:48,831 - Starting Apache Velocity v1.7 (compiled: 2010-11-19 12:14:37)
2018-03-07 20:49:48,831 - Starting Apache Velocity v1.7 (compiled: 2010-11-19 12:14:37)
2018-03-07 20:49:48,831 - Default Properties File: org/apache/velocity/runtime/defaults/velocity.properties
2018-03-07 20:49:48,831 - Default Properties File: org/apache/velocity/runtime/defaults/velocity.properties
2018-03-07 20:49:48,831 - Trying to use logger class org.apache.velocity.runtime.log.AvalonLogChute
2018-03-07 20:49:48,831 - Trying to use logger class org.apache.velocity.runtime.log.AvalonLogChute
2018-03-07 20:49:48,832 - Target log system for org.apache.velocity.runtime.log.AvalonLogChute is not available (java.lang.NoClassDefFoundError: org/apache/log/format/Formatter).  Falling back to next log system...
2018-03-07 20:49:48,832 - Target log system for org.apache.velocity.runtime.log.AvalonLogChute is not available (java.lang.NoClassDefFoundError: org/apache/log/format/Formatter).  Falling back to next log system...
2018-03-07 20:49:48,832 - Trying to use logger class org.apache.velocity.runtime.log.Log4JLogChute
2018-03-07 20:49:48,832 - Trying to use logger class org.apache.velocity.runtime.log.Log4JLogChute
2018-03-07 20:49:48,832 - Using logger class org.apache.velocity.runtime.log.Log4JLogChute
2018-03-07 20:49:48,832 - Using logger class org.apache.velocity.runtime.log.Log4JLogChute
2018-03-07 20:49:48,832 - ResourceLoader instantiated: org.apache.velocity.runtime.resource.loader.ClasspathResourceLoader
2018-03-07 20:49:48,832 - ResourceLoader instantiated: org.apache.velocity.runtime.resource.loader.ClasspathResourceLoader
2018-03-07 20:49:48,833 - ResourceCache: initialized (class org.apache.velocity.runtime.resource.ResourceCacheImpl) with class java.util.Collections$SynchronizedMap cache map.
2018-03-07 20:49:48,833 - ResourceCache: initialized (class org.apache.velocity.runtime.resource.ResourceCacheImpl) with class java.util.Collections$SynchronizedMap cache map.
2018-03-07 20:49:48,833 - Loaded System Directive: org.apache.velocity.runtime.directive.Stop
2018-03-07 20:49:48,833 - Loaded System Directive: org.apache.velocity.runtime.directive.Stop
2018-03-07 20:49:48,836 - Loaded System Directive: org.apache.velocity.runtime.directive.Define
2018-03-07 20:49:48,836 - Loaded System Directive: org.apache.velocity.runtime.directive.Define
2018-03-07 20:49:48,836 - Loaded System Directive: org.apache.velocity.runtime.directive.Break
2018-03-07 20:49:48,836 - Loaded System Directive: org.apache.velocity.runtime.directive.Break
2018-03-07 20:49:48,838 - Loaded System Directive: org.apache.velocity.runtime.directive.Evaluate
2018-03-07 20:49:48,838 - Loaded System Directive: org.apache.velocity.runtime.directive.Evaluate
2018-03-07 20:49:48,838 - Loaded System Directive: org.apache.velocity.runtime.directive.Literal
2018-03-07 20:49:48,838 - Loaded System Directive: org.apache.velocity.runtime.directive.Literal
2018-03-07 20:49:48,838 - Loaded System Directive: org.apache.velocity.runtime.directive.Macro
2018-03-07 20:49:48,838 - Loaded System Directive: org.apache.velocity.runtime.directive.Macro
2018-03-07 20:49:48,838 - Loaded System Directive: org.apache.velocity.runtime.directive.Parse
2018-03-07 20:49:48,838 - Loaded System Directive: org.apache.velocity.runtime.directive.Parse
2018-03-07 20:49:48,838 - Loaded System Directive: org.apache.velocity.runtime.directive.Include
2018-03-07 20:49:48,838 - Loaded System Directive: org.apache.velocity.runtime.directive.Include
2018-03-07 20:49:48,839 - Loaded System Directive: org.apache.velocity.runtime.directive.Foreach
2018-03-07 20:49:48,839 - Loaded System Directive: org.apache.velocity.runtime.directive.Foreach
2018-03-07 20:49:48,840 - Created '20' parsers.
2018-03-07 20:49:48,840 - Created '20' parsers.
2018-03-07 20:49:48,840 - Velocimacro : "velocimacro.library" is not set.  Trying default library: VM_global_library.vm
2018-03-07 20:49:48,840 - Velocimacro : "velocimacro.library" is not set.  Trying default library: VM_global_library.vm
2018-03-07 20:49:48,840 - Could not load resource 'VM_global_library.vm' from ResourceLoader org.apache.velocity.runtime.resource.loader.ClasspathResourceLoader: ClasspathResourceLoader Error: cannot find resource VM_global_library.vm
2018-03-07 20:49:48,840 - Could not load resource 'VM_global_library.vm' from ResourceLoader org.apache.velocity.runtime.resource.loader.ClasspathResourceLoader: ClasspathResourceLoader Error: cannot find resource VM_global_library.vm
2018-03-07 20:49:48,840 - Velocimacro : Default library not found.
2018-03-07 20:49:48,840 - Velocimacro : Default library not found.
2018-03-07 20:49:48,840 - Velocimacro : allowInline = true : VMs can be defined inline in templates
2018-03-07 20:49:48,840 - Velocimacro : allowInline = true : VMs can be defined inline in templates
2018-03-07 20:49:48,841 - Velocimacro : allowInlineToOverride = false : VMs defined inline may NOT replace previous VM definitions
2018-03-07 20:49:48,841 - Velocimacro : allowInlineToOverride = false : VMs defined inline may NOT replace previous VM definitions
2018-03-07 20:49:48,841 - Velocimacro : allowInlineLocal = false : VMs defined inline will be global in scope if allowed.
2018-03-07 20:49:48,841 - Velocimacro : allowInlineLocal = false : VMs defined inline will be global in scope if allowed.
2018-03-07 20:49:48,841 - Velocimacro : autoload off : VM system will not automatically reload global library macros
2018-03-07 20:49:48,841 - Velocimacro : autoload off : VM system will not automatically reload global library macros
2018-03-07 20:49:48,841 - ResourceManager : found templates/login.vm with loader org.apache.velocity.runtime.resource.loader.ClasspathResourceLoader
2018-03-07 20:49:48,841 - ResourceManager : found templates/login.vm with loader org.apache.velocity.runtime.resource.loader.ClasspathResourceLoader
2018-03-07 20:49:59,018 - Log4JLogChute initialized using file 'velocity.log'
2018-03-07 20:49:59,020 - Initializing Velocity, Calling init()...
2018-03-07 20:49:59,020 - Starting Apache Velocity v1.7 (compiled: 2010-11-19 12:14:37)
2018-03-07 20:49:59,020 - Default Properties File: org/apache/velocity/runtime/defaults/velocity.properties
2018-03-07 20:49:59,021 - Trying to use logger class org.apache.velocity.runtime.log.AvalonLogChute
2018-03-07 20:49:59,021 - Target log system for org.apache.velocity.runtime.log.AvalonLogChute is not available (java.lang.NoClassDefFoundError: org/apache/log/format/Formatter).  Falling back to next log system...
2018-03-07 20:49:59,021 - Trying to use logger class org.apache.velocity.runtime.log.Log4JLogChute
2018-03-07 20:49:59,021 - Using logger class org.apache.velocity.runtime.log.Log4JLogChute
2018-03-07 20:49:59,025 - ResourceLoader instantiated: org.apache.velocity.runtime.resource.loader.ClasspathResourceLoader
2018-03-07 20:49:59,037 - ResourceCache: initialized (class org.apache.velocity.runtime.resource.ResourceCacheImpl) with class java.util.Collections$SynchronizedMap cache map.
2018-03-07 20:49:59,040 - Loaded System Directive: org.apache.velocity.runtime.directive.Stop
2018-03-07 20:49:59,042 - Loaded System Directive: org.apache.velocity.runtime.directive.Define
2018-03-07 20:49:59,045 - Loaded System Directive: org.apache.velocity.runtime.directive.Break
2018-03-07 20:49:59,048 - Loaded System Directive: org.apache.velocity.runtime.directive.Evaluate
2018-03-07 20:49:59,049 - Loaded System Directive: org.apache.velocity.runtime.directive.Literal
2018-03-07 20:49:59,052 - Loaded System Directive: org.apache.velocity.runtime.directive.Macro
2018-03-07 20:49:59,054 - Loaded System Directive: org.apache.velocity.runtime.directive.Parse
2018-03-07 20:49:59,056 - Loaded System Directive: org.apache.velocity.runtime.directive.Include
2018-03-07 20:49:59,057 - Loaded System Directive: org.apache.velocity.runtime.directive.Foreach
2018-03-07 20:49:59,090 - Created '20' parsers.
2018-03-07 20:49:59,094 - Velocimacro : "velocimacro.library" is not set.  Trying default library: VM_global_library.vm
2018-03-07 20:49:59,096 - Could not load resource 'VM_global_library.vm' from ResourceLoader org.apache.velocity.runtime.resource.loader.ClasspathResourceLoader: ClasspathResourceLoader Error: cannot find resource VM_global_library.vm
2018-03-07 20:49:59,096 - Velocimacro : Default library not found.
2018-03-07 20:49:59,096 - Velocimacro : allowInline = true : VMs can be defined inline in templates
2018-03-07 20:49:59,096 - Velocimacro : allowInlineToOverride = false : VMs defined inline may NOT replace previous VM definitions
2018-03-07 20:49:59,096 - Velocimacro : allowInlineLocal = false : VMs defined inline will be global in scope if allowed.
2018-03-07 20:49:59,097 - Velocimacro : autoload off : VM system will not automatically reload global library macros
2018-03-07 20:49:59,107 - ResourceManager : found templates/login.vm with loader org.apache.velocity.runtime.resource.loader.ClasspathResourceLoader
